<?xml version="1.0" encoding="UTF-8"?>
<!-- Generated by org.testng.reporters.JUnitReportReporter -->
<testsuite hostname="DESKTOP-HJ8UUA1" failures="0" tests="1" name="test.all_social_links" time="47.273" errors="0" timestamp="2024-05-11T18:18:42 BDT" skipped="0">
  <testcase classname="test.all_social_links" name="social_links" time="47.273"/>
  <system-out/>
</testsuite> <!-- test.all_social_links -->
