<?xml version="1.0" encoding="UTF-8"?>
<!-- Generated by org.testng.reporters.JUnitReportReporter -->
<testsuite hostname="DESKTOP-HJ8UUA1" failures="0" tests="1" name="test.Sign_in" time="6.605" errors="0" timestamp="2024-05-11T11:59:03 BDT" skipped="0">
  <testcase classname="test.Sign_in" name="login" time="6.605"/>
  <system-out/>
</testsuite> <!-- test.Sign_in -->
