<?xml version="1.0" encoding="UTF-8"?>
<!-- Generated by org.testng.reporters.JUnitReportReporter -->
<testsuite hostname="DESKTOP-HJ8UUA1" failures="0" tests="2" name="test.locationSlect_verify_restaurant" time="6.202" errors="0" timestamp="2024-05-13T14:42:34 BDT" skipped="0">
  <testcase classname="test.locationSlect_verify_restaurant" name="location_selection" time="6.156"/>
  <system-out/>
  <testcase classname="test.locationSlect_verify_restaurant" name="verify_info" time="0.046"/>
  <system-out/>
</testsuite> <!-- test.locationSlect_verify_restaurant -->
