<?xml version="1.0" encoding="UTF-8"?>
<!-- Generated by org.testng.reporters.JUnitReportReporter -->
<testsuite hostname="DESKTOP-HJ8UUA1" failures="0" tests="2" name="test.Cusine_selection_from_home" time="11.172" errors="0" timestamp="2024-05-11T10:28:26 BDT" skipped="0">
  <testcase classname="test.Cusine_selection_from_home" name="home_cusine" time="9.125"/>
  <system-out/>
  <testcase classname="test.Cusine_selection_from_home" name="check_cusine_list" time="2.047"/>
  <system-out/>
</testsuite> <!-- test.Cusine_selection_from_home -->
