<?xml version="1.0" encoding="UTF-8"?>
<!-- Generated by org.testng.reporters.JUnitReportReporter -->
<testsuite hostname="DESKTOP-HJ8UUA1" failures="0" tests="3" name="test.Career_jobApply" time="55.151" errors="0" timestamp="2024-05-11T18:50:02 BDT" skipped="0">
  <testcase classname="test.Career_jobApply" name="career" time="15.011"/>
  <system-out/>
  <testcase classname="test.Career_jobApply" name="signin" time="6.383"/>
  <system-out/>
  <testcase classname="test.Career_jobApply" name="Form_Fillup" time="33.757"/>
  <system-out/>
</testsuite> <!-- test.Career_jobApply -->
