<?xml version="1.0" encoding="UTF-8"?>
<!-- Generated by org.testng.reporters.JUnitReportReporter -->
<testsuite hostname="DESKTOP-HJ8UUA1" failures="0" tests="4" name="test.Reservation_without_signin_and_payment_failed" time="73.098" errors="0" timestamp="2024-05-13T12:04:47 BDT" skipped="0">
  <testcase classname="test.Reservation_without_signin_and_payment_failed" name="reservation" time="33.179"/>
  <system-out/>
  <testcase classname="test.Reservation_without_signin_and_payment_failed" name="signin" time="4.232"/>
  <system-out/>
  <testcase classname="test.Reservation_without_signin_and_payment_failed" name="reservation_confirm" time="12.114"/>
  <system-out/>
  <testcase classname="test.Reservation_without_signin_and_payment_failed" name="payment" time="23.573"/>
  <system-out/>
</testsuite> <!-- test.Reservation_without_signin_and_payment_failed -->
