<?xml version="1.0" encoding="UTF-8"?>
<!-- Generated by org.testng.reporters.JUnitReportReporter -->
<testsuite hostname="DESKTOP-HJ8UUA1" failures="0" tests="4" name="test.Reservation_without_signin_payment_success" time="69.727" errors="0" timestamp="2024-05-08T12:15:01 BDT" skipped="0">
  <testcase classname="test.Reservation_without_signin_payment_success" name="reservation" time="33.260"/>
  <system-out/>
  <testcase classname="test.Reservation_without_signin_payment_success" name="signin" time="4.236"/>
  <system-out/>
  <testcase classname="test.Reservation_without_signin_payment_success" name="reservation_confirm" time="14.011"/>
  <system-out/>
  <testcase classname="test.Reservation_without_signin_payment_success" name="payment" time="18.220"/>
  <system-out/>
</testsuite> <!-- test.Reservation_without_signin_payment_success -->
