<?xml version="1.0" encoding="UTF-8"?>
<!-- Generated by org.testng.reporters.JUnitReportReporter -->
<testsuite hostname="DESKTOP-HJ8UUA1" failures="0" tests="1" name="test.Microsoft_email_receive_message" time="27.802" errors="0" timestamp="2024-05-13T11:19:59 BDT" skipped="0">
  <testcase classname="test.Microsoft_email_receive_message" name="mail_signin" time="27.802"/>
  <system-out/>
</testsuite> <!-- test.Microsoft_email_receive_message -->
