<?xml version="1.0" encoding="UTF-8"?>
<!-- Generated by org.testng.reporters.JUnitReportReporter -->
<testsuite hostname="DESKTOP-HJ8UUA1" failures="0" tests="1" name="test.PouplarInTown_NewToReserveit" time="5.347" errors="0" timestamp="2024-05-13T15:22:32 BDT" skipped="0">
  <testcase classname="test.PouplarInTown_NewToReserveit" name="popular_in_town" time="5.347"/>
  <system-out/>
</testsuite> <!-- test.PouplarInTown_NewToReserveit -->
