<?xml version="1.0" encoding="UTF-8"?>
<!-- Generated by org.testng.reporters.JUnitReportReporter -->
<testsuite hostname="DESKTOP-HJ8UUA1" failures="0" tests="3" name="test.Reservation" time="42.015" errors="0" timestamp="2024-05-07T15:08:42 BDT" skipped="0">
  <testcase classname="test.Reservation" name="without_login_reservation" time="27.238"/>
  <system-out/>
  <testcase classname="test.Reservation" name="signin" time="7.222"/>
  <system-out/>
  <testcase classname="test.Reservation" name="reservation_confirm" time="7.555"/>
  <system-out/>
</testsuite> <!-- test.Reservation -->
