<?xml version="1.0" encoding="UTF-8"?>
<!-- Generated by org.testng.reporters.JUnitReportReporter -->
<testsuite hostname="DESKTOP-HJ8UUA1" failures="0" tests="2" name="test.password_update_after_signin" time="14.354" errors="0" timestamp="2024-05-08T18:04:02 BDT" skipped="0">
  <testcase classname="test.password_update_after_signin" name="signin" time="7.432"/>
  <system-out/>
  <testcase classname="test.password_update_after_signin" name="update_password" time="6.922"/>
  <system-out/>
</testsuite> <!-- test.password_update_after_signin -->
